mode: set
BookingRoom/src/transactions/transactionsRepository/transactionsRepository.go:15.80,17.2 1 1
BookingRoom/src/transactions/transactionsRepository/transactionsRepository.go:19.155,26.16 5 1
BookingRoom/src/transactions/transactionsRepository/transactionsRepository.go:26.16,28.3 1 1
BookingRoom/src/transactions/transactionsRepository/transactionsRepository.go:30.2,33.18 3 1
BookingRoom/src/transactions/transactionsRepository/transactionsRepository.go:33.18,36.17 3 1
BookingRoom/src/transactions/transactionsRepository/transactionsRepository.go:36.17,38.12 2 0
BookingRoom/src/transactions/transactionsRepository/transactionsRepository.go:40.3,40.51 1 1
BookingRoom/src/transactions/transactionsRepository/transactionsRepository.go:43.2,43.35 1 1
BookingRoom/src/transactions/transactionsRepository/transactionsRepository.go:43.35,45.3 1 0
BookingRoom/src/transactions/transactionsRepository/transactionsRepository.go:47.2,47.26 1 1
BookingRoom/src/transactions/transactionsRepository/transactionsRepository.go:50.101,57.16 5 1
BookingRoom/src/transactions/transactionsRepository/transactionsRepository.go:57.16,59.3 1 1
BookingRoom/src/transactions/transactionsRepository/transactionsRepository.go:61.2,61.19 1 1
BookingRoom/src/transactions/transactionsUseCase/transactionsUseCase.go:17.116,19.2 1 1
BookingRoom/src/transactions/transactionsUseCase/transactionsUseCase.go:21.164,22.15 1 1
BookingRoom/src/transactions/transactionsUseCase/transactionsUseCase.go:22.15,24.3 1 0
BookingRoom/src/transactions/transactionsUseCase/transactionsUseCase.go:26.2,26.19 1 1
BookingRoom/src/transactions/transactionsUseCase/transactionsUseCase.go:26.19,28.3 1 0
BookingRoom/src/transactions/transactionsUseCase/transactionsUseCase.go:30.2,30.50 1 1
BookingRoom/src/transactions/transactionsUseCase/transactionsUseCase.go:30.50,33.3 1 0
BookingRoom/src/transactions/transactionsUseCase/transactionsUseCase.go:35.2,35.46 1 1
BookingRoom/src/transactions/transactionsUseCase/transactionsUseCase.go:35.46,38.3 1 0
BookingRoom/src/transactions/transactionsUseCase/transactionsUseCase.go:40.2,41.16 2 1
BookingRoom/src/transactions/transactionsUseCase/transactionsUseCase.go:41.16,42.36 1 1
BookingRoom/src/transactions/transactionsUseCase/transactionsUseCase.go:42.36,44.4 1 0
BookingRoom/src/transactions/transactionsUseCase/transactionsUseCase.go:45.3,45.57 1 1
BookingRoom/src/transactions/transactionsUseCase/transactionsUseCase.go:48.2,49.16 2 1
BookingRoom/src/transactions/transactionsUseCase/transactionsUseCase.go:49.16,51.3 1 0
BookingRoom/src/transactions/transactionsUseCase/transactionsUseCase.go:53.2,54.23 2 1
BookingRoom/src/transactions/transactionsUseCase/transactionsUseCase.go:54.23,56.3 1 0
BookingRoom/src/transactions/transactionsUseCase/transactionsUseCase.go:58.2,58.50 1 1
BookingRoom/src/transactions/transactionsUseCase/transactionsUseCase.go:58.50,60.3 1 0
BookingRoom/src/transactions/transactionsUseCase/transactionsUseCase.go:62.2,68.42 2 1
